[debug] [2021-11-26T14:13:35.620Z] ----------------------------------------------------------------------
[debug] [2021-11-26T14:13:35.623Z] Command:       C:\Program Files\nodejs\node.exe C:\Users\User\AppData\Roaming\npm\node_modules\firebase-tools\lib\bin\firebase.js init
[debug] [2021-11-26T14:13:35.624Z] CLI Version:   9.23.0
[debug] [2021-11-26T14:13:35.624Z] Platform:      win32
[debug] [2021-11-26T14:13:35.624Z] Node Version:  v14.17.6
[debug] [2021-11-26T14:13:35.625Z] Time:          Fri Nov 26 2021 20:13:35 GMT+0600 (Bangladesh Standard Time)
[debug] [2021-11-26T14:13:35.626Z] ----------------------------------------------------------------------
[debug] 
[warn] !  JSON error trying to load J:\complete-web-d-c-w-j-m\port-folio\.firebaserc 
[debug] [2021-11-26T14:13:35.718Z] > command requires scopes: ["email","openid","https://www.googleapis.com/auth/cloudplatformprojects.readonly","https://www.googleapis.com/auth/firebase","https://www.googleapis.com/auth/cloud-platform"]
[debug] [2021-11-26T14:13:35.719Z] > authorizing via signed-in user (saifulmunna28@gmail.com)
[info] 
     ######## #### ########  ######## ########     ###     ######  ########
     ##        ##  ##     ## ##       ##     ##  ##   ##  ##       ##
     ######    ##  ########  ######   ########  #########  ######  ######
     ##        ##  ##    ##  ##       ##     ## ##     ##       ## ##
     ##       #### ##     ## ######## ########  ##     ##  ######  ########

You're about to initialize a Firebase project in this directory:

  J:\complete-web-d-c-w-j-m\port-folio

Before we get started, keep in mind:

  * You are initializing within an existing Firebase project directory

[info] 
=== Project Setup
[info] 
[info] First, let's associate this project directory with a Firebase project.
[info] You can create multiple project aliases by running firebase use --add, 
[info] but for now we'll just set up a default project.
[info] 
[debug] [2021-11-26T14:13:44.410Z] >>> [apiv2][query] GET https://firebase.googleapis.com/v1beta1/projects/portfolio-5376a [none]
[debug] [2021-11-26T14:13:44.976Z] <<< [apiv2][status] GET https://firebase.googleapis.com/v1beta1/projects/portfolio-5376a 200
[debug] [2021-11-26T14:13:44.977Z] <<< [apiv2][body] GET https://firebase.googleapis.com/v1beta1/projects/portfolio-5376a {"projectId":"portfolio-5376a","projectNumber":"759026126669","displayName":"portfolio","name":"projects/portfolio-5376a","resources":{"hostingSite":"portfolio-5376a"},"state":"ACTIVE"}
[info] i  Using project portfolio-5376a (portfolio) 
[info] 
=== Hosting Setup
[info] 
[info] Your public directory is the folder (relative to your project directory) that
[info] will contain Hosting assets to be uploaded with firebase deploy. If you
[info] have a build process for your assets, use your build's output directory.
[info] 
